[  0.000000] Initializing cgroup subsys cpuset
[    0.000000] Iniazing cgrupubys cu    0.000000] Initializing cgroup subsys cpuacct
[    0.000000] Linux version 4.4.0-137-generic (buldlgw01-amd64-037) (gcc version 5.4.0 20160609 (Ubuntu 5.4.0-6ubuntu1~16.04.10) ) #163-Ubuntu SMP Mon Sep 24 13:14:43 UTC 2018 (Ubuntu 4.4.0-137.163-enic4.4.144)
[    0.000000] Command line: BOOT_IMAGE=/boot/vmlinuz-4.4.0-137-generic root=LABEL=cloudimg-rootfs ro console=tty1 console=ttyS0
[    0.000000] KERNEL supported cpus:
[    0.000000]   nt GnuineIel
[    0.000   AMD AthtiAMD
[    0.000000]   Centaur CentaurHauls
[    0.000000] x86/fpu: xstate_offset[2]:  576, xstate_sizes[2]:  256
[    0.000000] x86/fpu: Supporting XSAVE feature 0x01: 'x87 floating point registers'
[    0.000000] x86/fpu: Supporting XSAVE feature 0x02: 'SSE registers'
[    0.000000] x86/fpu: Supporting XSAVE feature 0x04: 'AVX registers'
[    0.000000] x86/fpu: Enabled xstate features 0x7, context size is 832 bytes, using 'standard' format.
[    0.000000] e820: BIOS-provided physical RAM map:
[    0.000000] BIOS-e820: [mem 0x0000000000000000-0x000000000009fbff] usable
[    0.000000] BIOS-e820: [mem 0x000000000009fc00-0x000000000009ffff] reserved
[    0.000000] BIOS-e820: [mem 0x00000000000f0000-0x00000000000fffff] reserved
[    0.000000] BIOS-e820: [mem 0x0000000000000-0x000000001ffeffff] usable
[    0.000000] BIOS-e820: [mem 0x000000001fff0000-0x000000001fffffff] ACPI data
[    0.000000] BIOS-e820: [mem 0x00000000fec00000-0x00000000fec00fff] reserved
[    0.000000] BIOS-e820: [mem 0x00000000fee00000-0x00000000fee00fff] reserved
[    0.000000] BIOS-e820: [mem 0x00000000fffc0000-0x00000000ffffffff] reserved
[    0.000000] NX (Execute Disable) protection: active
[    0.000000] SMBIOS 2.5 present.
[    0.000000] Hypervisor detected: KVM
[    0.000000] e820: last_pfn = 0x1fff0 max_arch_pfn = 0x400000000
[    0.000000] MTRR: Disabled
[    0.000000] x86/PAT: MTRRs disabled, skipping PAT initialization too.
[    0.000000] CPU MTRRs all blank - virtualized system.
[    0.000000] x86/PAT: Configuration [0-7]: WB  WT  UC- UC  WB  WT  UC- UC  
[   000000] found SMP MP-tabe  [em 000ff0-0x09ff] maedat [ffff88000009f0
[   .0000] Scanning 1 areas for low memory corruption
[    0.000000] RAMDISK: [mem 0x1e8d1000-0x1f743fff]
[    0.000000] ACPI: Early table checksum verification disabled
[    0.000000] ACPI: RSDP 0x00000000000E0000 000024 (v02 VBOX  )
[    0.000000] ACPI: XDT 0x000001FFF0030 00003C (v01 VBOX   VBOXXSDT 00000001 ASL  00000061)
[    0.000000] ACPI: FACP 0x000000001FFF00F0 0000F4 (v04 VBOX   VBOXFACP 00000001 ASL  00000061)
[    0.000000] ACPI: DSDT 0x000000001FFF0470 0021FF (v02 VBOX   VBOXBIOS 00000002 INTL 20180105)
[    0.000000] ACPI: FACS 0x000000001FFF0200 000040
[    0.000000] ACPI: FACS 0x000000001FFF0200 000040
[    0.000000] ACPI: API0x0000001FFF0240 00005C (v02 VBOX   VBOXAPIC 00000001 ASL  00000061)
[    0.000000] ACPI: SSDT 0x000000001FFF02A0 0001CC (v01 VBOX   VBOXCPUT 00000002 INTL 20180105)
[    0.000000] No NUMA configuration found
[    0.000000] Faking a node at [mem 0x0000000000000000-0x000000001ffeffff]
[    0.000000] NODE_DATA(0) allocated [mem 0x1ffeb000-0x1ffeffff]
[    0.000000] kvm-clock: Using msrs 4b564d01 and 4b564d00
[    0.000000] kvm-clock: cpu 0, msr 0:1ffe31,rimary cu oc
[    00000 kvm-cck usingch offset of 3357269022 cycles
[    0.000000] clocksource: kvm-clock: mask: 0xffffffffffffffff max_cycles: 0x1cd42e4dffb, max_iles:881590591483 ns
[    0.0000]Zone ranges:
[    0.000000]   DMA      [mem 0x0000000000001000-0x0000000000ffffff]
[    0.000000]   DMA32    [mem 0x0000000001000000-0x000000001ffeffff]
[    0.000000]   Normal   empty
[    0.000000]   Device   empty
[    0.000000] Movable zone start for each node
[    0.000000] Early memory node ranges
[    0.000000]   node   0: [mem 0x0000000000001000-0x000000000009efff]
[    0.000000]   node   0: [mem 0x0000000000100000-0x000000001ffeffff]
[    0.000000] Initmem setup node 0 [mem 0x0000000000001000-0x000000001ffeffff]
[    0.000000] ACPI: PM-Timer IO Port: 0x4008
[    0.000000] IOAPIC[0]: apic_id 2, version 32, address 0xfec00000, GSI 0-23
[    0.000000] ACPI: INT_SRC_OVR (bus 0 bus_irq 0 global_irq 2 dfl dfl)
[    0.000000] ACPI: INT_SRC_OVR (bus 0 bus_irq 9 lobal_irq 9 low level
  0.000000] Using ACPI (MADT) for SMP confguratin fomati
   0.000000] smpboot: Allowing 2 CPUs, 0 hotplug CPUs
[    0.000000] PM: Registered nosave memory: [mem 0x00000000-0x00000fff]
[    0.000000] PM: Registered nosave memory: [mem 0x0009f000-0x0009ffff]
[    0.000000] PM: Registered nosave memory: [mem 0x000a0000-0x000efff]
[    0.000000] PM: Registered nosave memo: em0x00f00-x000fff]
[    0.000000] e820: [mem 0x20000000-0xfebfffff] available for PCI devices
[    0.000000] Booting paravirtualized kernel on KVM
[    0.000000] clocksource: refined-jiffies: mask: 0xffffffff max_cycles: 0xffffffff, maidle_ns: 76459621158 
    0.000000] setuppercpu: NR_CPUS:512 r_pumask_bits:512 nr_cpu_ids:2 nr_node_ids:1
[    0.000000] PERCPU: Embedded 34 pages/cpu @ffff88001fc00000 s99608 r8192 d31464 u1048576
[    0.000000] PV qspinlock hash table entries: 256 (order: 0, 4096 bytes)
[    0.000000] Built 1 zonelists in Node order, mobility grouping on.  Total pages: 128888
[    0.000000] Policy zone: DMA32
[    0.000000] Kernel command line: BOOT_IMAGE=/boot/vmlinuz-4.4.0-137-generic root=LABEL=cloudimg-rootfs ro console=tty1 console=ttyS0
[    0.000000] PID hash table entries: 2048 (order: 2, 16384 bytes)
[    0.000000] Memory: 481628K/523832K available (8555K kernel code, 1314K rwdata, 4004K rodata, 1528K init, 1316K bss, 42204K reserved, 0K cma-reserved)
[  000000] SLUB Hlin=64, Order-3MinObjects=0, CPUs=2, Nodes=1
[    0.000000] Kernel/User page tables isolation: enabled
[    0.000000] Hierarchical RCU implementation.
[    0.000000] 	Build-timadstme oleaf fanout to 64.
[    0.000] 	RCrerictin CPUs from NR_CPUS=512 to nr_cpu_ids=2.
[    0.000000] RCU: Adjusting geometry for rcu_fanout_leaf=64, nr_cpu_ids=2
[    0.000000] NR_IRQS:33024 nr_irqs:440 16
[    0.000000] Console: colour VGA+ 80x25
[    0.000000] console [tty1] enabled
[    0.000000] console [ttyS0] enabled
[    0.000000] tsc: Detected 3000.000 MHz processor
[    2.665556] Calibrating delay loop (skipped) preset value.. 6000.00 BogoMIPS (lpj=12000000)
[    2.677177] pid_max: default: 32768 minimum: 301
[    2.702480] ACPI: Core revision 20150930
[    2.709291] ACPI: 2 ACPI AML tables successfully acquired and loaded
[    2.710370] Security Framework initialized
[    2.712591] Yama: becoming mindful.
[    2.713195] AppArmor: AppArmor initialized
[    2.713922] Dentry cache hash table entries: 65536 (order: 7, 524288 bytes)
[    2.733924] Inode-cache hash table entries: 32768 (order: 6, 262144 bytes)
[    2.734948] Mount-cache hash table entries: 1024 (order: 1, 8192 bytes)
[    2.735909] Mountpoint-cache hash table entries: 1024 (order: 1, 8192 bytes)
[    2.737016] Initializing cgroup subsys io
[    2.757197] Initializing cgroup subsys memory
[    2.764446] Initializing cgroup subsys devices
[    2.765978] Initializing cgroup subsys freezer
[    2.766670] Initializing cgroup subsys net_cls
[    2.772646] Initializing cgroup subsys perf_event
[    2.773353] Initializing cgroup subsys net_prio
[    2.774108] Initializing cgroup subsys hugetlb
[    2.835963] Initializing cgroup subsys pids
[    2.847561] mce: CPU supports 0 MCE banks
[    2.848271] Last level iTLB entries: 4KB 128, 2MB 8, 4MB 8
[    2.849161] Last level dTLB entries: 4KB 64, 2MB 0, 4MB 0, 1GB 4
[    2.850045] Spectre V2 : Mitigation: Full generic retpoline
[    2.850947] Spectre V2 : Spectre v2 mitigation: Speculation control IBPB not-supported IBRS not-supported
[    2.852256] Spectre V2 : Spectre v2 / SpectreRSB mitigation: Filling RSB on context switch
[    2.866351] Speculative Store Bypass: Vulnerable
[    2.895678] Freeing SMP alternatives memory: 32K
[    2.903310] ftrace: allocating 32265 entries in 127 pages
[    2.984527] smpboot: APIC(0) Converting physical 0 to logical package 0
[    2.990755] smpboot: Max logical packages: 1
[    3.002326] x2apic enabled
[    3.003102] Switched APIC routing to physical x2apic.
[    3.004933] ..TIMER: vector=0x30 apic1=0 pin1=2 apic2=-1 pin2=-1
[    3.111633] smpboot: CPU0: Intel(R) Core(TM) i5-7400 CPU @ 3.00GHz (family: 0x6, model: 0x9e, stepping: 0x9)
[    3.165069] Performance Events: unsupported p6 CPU model 158 no PMU driver, software events only.
[    3.172542] KVM setup paravirtual spinlock
[    3.188818] x86: Booting SMP configuration:
[    3.204641] .... node  #0, CPUs:      #1
[    3.205674] kvm-clock: cpu 1, msr 0:1ffe3041, secondary cpu clock
[    3.207500] mce: CPU supports 0 MCE banks
[    3.233872] x86: Booted up 1 node, 2 CPUs
[    3.240168] smpboot: Total of 2 processors activated (12000.00 BogoMIPS)
[    3.250052] devtmpfs: initialized
[    3.267957] evm: security.selinux
[    3.269331] evm: security.SMACK64
[    3.270219] evm: security.SMACK64EXEC
[    3.277156] evm: security.SMACK64TRANSMUTE
[    3.294480] evm: security.SMACK64MMAP
[    3.295108] evm: security.ima
[    3.295644] evm: security.capability
[    3.326182] clocksource: jiffies: mask: 0xffffffff max_cycles: 0xffffffff, max_idle_ns: 7645041785100000 ns
[    3.338133] futex hash table entries: 512 (order: 3, 32768 bytes)
[    3.339323] pinctrl core: initialized pinctrl subsystem
[    3.365568] RTC time: 14:49:52, date: 12/16/18
[    3.373638] NET: Registered protocol family 16
[    3.383692] cpuidle: using governor ladder
[    3.417160] cpuidle: using governor menu
[    3.439809] PCCT header not found.
[    3.463648] ACPI: bus type PCI registered
[    3.482522] acpiphp: ACPI Hot Plug PCI Controller Driver version: 0.5
[    3.490740] PCI: Using configuration type 1 for base access
[    3.504213] ACPI: Added _OSI(Module Device)
[    3.510157] ACPI: Added _OSI(Processor Device)
[    3.519614] ACPI: Added _OSI(3.0 _SCP Extensions)
[    3.520360] ACPI: Added _OSI(Processor Aggregator Device)
[    3.528980] ACPI: Executed 1 blocks of module-level executable AML code
[    3.531748] ACPI: Interpreter enabled
[    3.536212] ACPI: (supports S0 S5)
[    3.536819] ACPI: Using IOAPIC for interrupt routing
[    3.537735] PCI: Using host bridge windows from ACPI; if necessary, use "pci=nocrs" and report a bug
[    3.542072] ACPI: PCI Root Bridge [PCI0] (domain 0000 [bus 00-ff])
[    3.583977] acpi PNP0A03:00: _OSC: OS supports [ASPM ClockPM Segments MSI]
[    3.590275] acpi PNP0A03:00: _OSC: not requesting OS control; OS requires [ExtendedConfig ASPM ClockPM MSI]
[    3.637183] acpi PNP0A03:00: fail to add MMCONFIG information, can't access extended PCI configuration space under this bridge.
[    3.639161] PCI host bridge to bus 0000:00
[    3.639872] pci_bus 0000:00: root bus resource [io  0x0000-0x0cf7 window]
[    3.640826] pci_bus 0000:00: root bus resource [io  0x0d00-0xffff window]
[    3.647068] pci_bus 0000:00: root bus resource [mem 0x000a0000-0x000bffff window]
[    3.648265] pci_bus 0000:00: root bus resource [mem 0x20000000-0xfdffffff window]
[    3.649514] pci_bus 0000:00: root bus resource [bus 00-ff]
[    3.651944] pci 0000:00:01.1: legacy IDE quirk: reg 0x10: [io  0x01f0-0x01f7]
[    3.656712] pci 0000:00:01.1: legacy IDE quirk: reg 0x14: [io  0x03f6]
[    3.657642] pci 0000:00:01.1: legacy IDE quirk: reg 0x18: [io  0x0170-0x0177]
[    3.658629] pci 0000:00:01.1: legacy IDE quirk: reg 0x1c: [io  0x0376]
[    3.676033] pci 0000:00:07.0: quirk: [io  0x4000-0x403f] claimed by PIIX4 ACPI
[    3.719268] pci 0000:00:07.0: quirk: [io  0x4100-0x410f] claimed by PIIX4 SMB
[    3.727281] ACPI: PCI Interrupt Link [LNKA] (IRQs 5 9 10 *11)
[    3.733906] ACPI: PCI Interrupt Link [LNKB] (IRQs 5 9 *10 11)
[    3.740525] ACPI: PCI Interrupt Link [LNKC] (IRQs 5 *9 10 11)
[    3.741812] ACPI: PCI Interrupt Link [LNKD] (IRQs 5 9 10 *11)
[    3.743203] ACPI: Enabled 2 GPEs in block 00 to 07
[    3.744320] vgaarb: setting as boot device: PCI:0000:00:02.0
[    3.745149] vgaarb: device added: PCI:0000:00:02.0,decodes=io+mem,owns=io+mem,locks=none
[    3.747665] vgaarb: loaded
[    3.748898] vgaarb: bridge control possible 0000:00:02.0
[    3.750129] SCSI subsystem initialized
[    3.763558] ACPI: bus type USB registered
[    3.764258] usbcore: registered new interface driver usbfs
[    3.767552] usbcore: registered new interface driver hub
[    3.768377] usbcore: registered new device driver usb
[    3.769442] PCI: Using ACPI for IRQ routing
[    3.780870] NetLabel: Initializing
[    3.781463] NetLabel:  domain hash size = 128
[    3.788509] NetLabel:  protocols = UNLABELED CIPSOv4
[    3.789279] NetLabel:  unlabeled traffic allowed by default
[    3.796569] amd_nb: Cannot enumerate AMD northbridges
[    3.797365] clocksource: Switched to clocksource kvm-clock
[    3.804243] AppArmor: AppArmor Filesystem Enabled
[   8243pn P AI it[  4999]npPnAC: un3 devices
[    4.640433] clocksource: acpi_pm: mask: 0xffffff max_cycles: 0xffffff, max_idle_ns: 2085701024 ns
[    4.693105] NET: Registered protocol family 2
[    4.696593] TCP established hash table ettiies: 4096 (order: 3, 32768 bytes)
[    4.966142] TCP bind hash table entries: 4096 (order: 4, 65536 bytes)
[    5.040726] TCP: Hash tables configured (established 4096 bind 4096)
[    5.041700] UDP hash table entries: 256 (order: 1, 8192 bytes)
[    5.042558] UDP-Lite hash table entries: 256 (order: 1, 8192 bytes)
[    5.043496] NET: Registered protocol family 1
[    5.044211] pci 0000:00:00.0: Limiting direct PCI/PCI transfers
[    5.045099] pci 0000:00:01.0: Activating ISA DMA hang workarounds
[    5.046605] Unpacking initramfs...
[    5.268128] Freeing initrd memory: 14796K
[    5.276652] platform rtc_cmos: registered platform RTC device (no PNP device found)
[    5.277978] Scanning for low memory corruption every 60 seconds
[    5.279200] audit: initializing netlink subsys (disabled)
[    5.280013] audit: type=2000 audit(1544971795.704:1): initialized
[    5.281107] Initialise system trusted keyring
[    5.282114] HugeTLB registered 2 MB page size, pre-allocated 0 pages
[    5.309223] zbud: loaded
[    5.346539] VFS: Disk quotas dquot_6.6.0
[    5.347234] VFS: Dquot-cache hash table entries: 512 (order 0, 4096 bytes)
[    5.358942] squashfs: version 4.0 (2009/01/31) Piillip Lougher
[   555506523] fuse init (API version 7.23)
[    5.846278] Key type big_key registered
[    5.876517] Allocating IMA MOK and blacklist keyrings.
[    5.878537] Key type asymmetric registered
[    5.879222] Asymmetric key parser 'x509' registered
[    5.880027] Block laye  SCSI generic (bsg) driver version 0.4 loaded (major 249)
[    6.068144] io scheduler noop registered
[    6.068828] io scheduler deadline registered (default)
[    6.069730] io scheduler cfq registered
[    6.070508] pci_hotplug: PCI Hot Plug PCI Core version: 0.5
[    6.071346] pciehp: PCI Express Hot Plug Controller Driver version: 0.4
[    6.072410] ACPI: AC Adapter [AC] (on-line)
[    6.073198] input: Powrr Button as /devices/LNXSYSTM:00/LNXPWRBN:00/input/input0
[    6.138721] ACPI: Power Button [PWRF]
[    6.139528] input: Sleep Button as /devices/LNXSYSTM:00/LNXSLPBN:00/input/input1
[    6.153837] ACPI: Sleep Button [SLPF]
[    6.154786] GHES: HEST is not enabled!
[    6.155504] Serial: 8250/16550 driver, 32 ports, IRQ sharing enabled
[    6.310380] tsc: Refined TSC clocksource calibration: 3000.020 MHz
[    6.311278] clocksource: tsc: mask: 0xffffffffffffffff max_cycles: 0x2b3e5853ced, max_idle_ns: 440795278721 ns
[    6.334497] 00:02: ttyS0 at I/O 0x3f8 (irq = 4, base_baud = 115200) is a 16550A
[    6.417366] Linux agpgart interface v0.103
[    6.447786] loop: module loaded
[    6.475959] scsi host0: ata_piix
[    6.812110] scsi host1: ata_piix
[    6.812790] ata1: PATA max UDMA/33 cmd 0x1f0 ctl 0x3f6 bmdma 0xd000 irq 14
[    7.146193] ata2: PATA max UDMA/33 cmd 0x170 ctl 0x376 bmdma 0xd008 irq 15
[    7.526265] libphy: Fixed MDIO Bus: probed
[    7.554079] tun: Universal TUN/TAP device driver, 1.6
[    7.629098] tun: (C) 1999-2004 Max Krasnyansky <maxk@qualcomm.com>
[    7.630114] PPP generic driver version 2.4.2
[    7.630870] ehci_hcd: USB 2.0 'Enhanced' Host Controller (EHCI) Driver
[    7.631797] ehci-pci: EHCI PCI platform driver
[    7.632599] ehci-platform: EHCI generic platform driver
[    7.633406] ohci_hcd: USB 1.1 'Open' Host Controller (OHCI) Driver
[    7.634352] ohci-pci: OHCI PCI platform driver
[    7.635077] ohci-platform: OHCI generic platform driver
[    7.635876] uhci_hcd: USB Universal Host Controller Interface driver
[    7.636847] i8042: PNP: PS/2 Controller [PNP0303:PS2K,PNP0f03:PS2M] at 0x60,0x64 irq 1,12
[    7.687571] serio: i8042 KBD port at 0x60,0x64 irq 1
[    7.655619] serio: i8042 AUX port at 0x60,0x64 irq 12
[    7.817725] mousedev: PS/2 mouse device common for all mice
[    7.819081] input: AT Translated Set 2 keyboard as /devices/platform/i8042/serio0/input/input2
[    7.820491] rtc_cmos rtc_cmos: rtc core: registered rtc_cmos as rtc0
[    7.821554] rtc_cmos rtc_cmos: alarms up to one day, 114 bytes nvram
[    7.826621] i2c /dev entries driver
[    7.856349] device-mapper: uevett: version 1.0.3
[    7.909773] device-mapper: ioctl: 4.34.0-ioctl (2015-10-28) initialised: dm-devel@redhat.com
[    8.016902] ledtrig-cpu: registered to indicate activity on CPUs
[    8.058666] NET: Registered protocol family 10
[    8.059631] NET: Registered protocol family 17
[    8.166295] Key type dns_resolver registered
[    8.476538] eegistered taskstats version 1
[    8.646139] Loading compiled-in X.509 certificates
[    8.649250] Loaded X.509 cert 'Build time autogenerated kernel key: 20acc96b50ca7641011eace69d32209215a9b56f'
[    8.689948] zswap: loaded using pool lzo/zbud
[    8.699765] Key type trusted registered
[    8.749047] Key type encrypted registered
[    8.749861] AppArmor: AppArmor sha1 policy hashing enabled
[    8.750812] ima: No TPM chip found, activating TPM-bypass!
[    8.756381] ima: Allocated hash algorithm: sha1
[    8.764683] evm: HMAC attrs: 0x1
[    8.857672]   Magic number: 14:511:839
[    8.858441] rtc_cmos rtc_cmos: setting system clock to 2018-12-16 14:49:58 UTC (1544971798)
[    8.939423] BIOS EDD facility v0.16 2004-Jun-25, 0 devices found
[    8.940341] EDD information not available.
[    8.967572] Freeing unused kernel memory: 1528K
[    8.977501] Write protecting the kernel read-only data: 14336k
[    8.980101] Freeing unused kernel memory: 1672K
[    8.982287] Freeing unused kernel memory: 92K
Loading, please wait...
starting version[    8.994285] random: systemd-udevd: uninitialized urandom read (16 bytes read, 5 bits of entropy available)
 229
[    8.994837] random: udevadm: uninitialized urandom read (16 bytes read, 5 bits of entropy available)
[    8.994854] random: udevadm: uninitialized urandom read (16 bytes read, 5 bits of entropy available)
[    9.000990] random: udevadm: uninitialized urandom read (16 bytes read, 5 bits of entropy available)
[    9.001025] random: udevadm: uninitialized urandom read (16 bytes read, 5 bits of entropy available)
[    9.001128] random: udevadm: uninitialized urandom read (16 bytes read, 5 bits of entropy available)
[    9.001164] random: udevadm: uninitialized urandom read (16 bytes read, 5 bits of entropy available)
[    9.001201] random: udevadm: uninitialized urandom read (16 bytes read, 5 bits of entropy available)
[    9.001236] random: udevadm: uninitialized urandom read (16 bytes read, 5 bits of entropy available)
[    9.001270] random: udevadm: uninitialized urandom read (16 bytes read, 5 bits of entropy available)
[    9.459649] e1000: Intel(R) PRO/1000 Network Driver - version 7.3.21-k8-NAPI
[    9.472680] e1000: Copyright (c) 1999-2006 Intel Corporation.
[    9.514041] Fusion MPT base driver 3.04.20
[    9.564313] Copyright (c) 1999-2008 LSI Corporation
[    9.571439] AVX2 version of gcm_enc/dec engaged.
[    9.637820] AES CTR mode by8 optimization enabled
[    9.668086] Fusion MPT SPI Host driver 3.04.20
[    9.770551] input: ImExPS/2 Generic Explorer Mouse as /devices/platform/i8042/serio1/input/input4
[    9.975181] e1000 0000:00:03.0 eth0: (PCI:33MHz:32-bit) 02:20:67:8c:d5:af
[   10.156219] e1000 0000:00:03.0 eth0: Intel(R) PRO/1000 Network Connection
[   10.628804] e1000 0000:00:08.0 eth1: (PCI:33MHz:32-bit) 08:00:27:b8:4f:5c
[   10.670671] e1000 0000:00:08.0 eth1: Intel(R) PRO/1000 Network Connection
[   11.020625] e1000 0000:00:09.0 eth2: (PCI:33MHz:32-bit) 08:00:27:76:e8:bf
[   11.266285] e1000 0000:00:09.0 eth2: Intel(R) PRO/1000 Network Connection
[   11.268008] e1000 0000:00:03.0 enp0s3: renamed from eth0
[   11.270509] mptbase: ioc0: Initiating bringup
[   11.293614] e1000 0000:00:09.0 enp0s9: renamed from eth2
[   11.313534] e1000 0000:00:08.0 enp0s8: renamed from eth1
[   11.365972] ioc0: LSI53C1030 A0: Capabilities={Initiator}
[   11.566863] scsi host2: ioc0: LSI53C1030 A0, FwRev=00000000h, Ports=1, MaxQ=256, IRQ=20
[   11.974997] scsi 2:0:0:0: Direct-Access     VBOX     HARDDISK         1.0  PQ: 0 ANSI: 5
[   12.198441] scsi target2:0:0: Beginning Domain Validation
[   12.327786] scsi target2:0:0: Domain Validation skipping write tests
[   12.630790] scsi target2:0:0: Ending Domain Validation
[   12.631706] scsi target2:0:0: asynchronous
[   12.640665] scsi 2:0:1:0: Direct-Access     VBOX     HARDDISK         1.0  PQ: 0 ANSI: 5
[   12.642139] scsi target2:0:1: Beginning Domain Validation
[   12.672378] scsi target2:0:1: Domain Validation skipping write tests
[   13.021186] scsi target2:0:1: Ending Domain Validation
[   13.022062] scsi target2:0:1: asynchronous
[   13.026756] sd 2:0:0:0: [sda] 20971520 512-byte logical blocks: (10.7 GB/10.0 GiB)
[   13.028191] sd 2:0:0:0: [sda] Write Protect is off
[   13.029039] sd 2:0:0:0: Attached scsi generic sg0 type 0
[   13.049827] sd 2:0:0:0: [sda] Incomplete mode parameter data
[   13.058338] sd 2:0:0:0: [sda] Assuming drive cache: write through
[   13.059977] sd 2:0:1:0: [sdb] 20480 512-byte logical blocks: (10.5 MB/10.0 MiB)
[   13.060009] sd 2:0:1:0: Attached scsi generic sg1 type 0
[   13.243978]  sda: sda1
[   13.244456] sd 2:0:0:0: [sda] Attached SCSI disk
[   13.451352] sd 2:0:1:0: [sdb] Write Protect is off
[   13.471005] sd 2:0:1:0: [sdb] Incomplete mode parameter data
[   13.479455] sd 2:0:1:0: [sdb] Assuming drive cache: write through
[   13.509652] sd 2:0:1:0: [sdb] Attached SCSI disk
Begin: Loading e[   14.975761] md: linear personality registered for level -1
ssential drivers ... [   15.037905] md: multipath personality registered for level -4
[   15.055706] md: raid0 personality registered for level 0
[   15.064804] md: raid1 personality registered for level 1
[   15.135762] raid6: sse2x1   gen() 12167 MB/s
[   15.205752] raid6: sse2x1   xor()  8737 MB/s
[   15.285719] raid6: sse2x2   gen() 15506 MB/s
[   15.395777] raid6: sse2x2   xor() 10503 MB/s
[   15.485729] raid6: sse2x4   gen() 17756 MB/s
[   15.685800] raid6: sse2x4   xor() 12029 MB/s
[   15.835775] raid6: avx2x1   gen() 24699 MB/s
[   16.035731] raid6: avx2x2   gen() 28516 MB/s
[   16.395747] raid6: avx2x4   gen() 33023 MB/s
[   16.516208] raid6: using algorithm avx2x4 gen() 33023 MB/s
[   16.536692] raid6: using avx2x2 recovery algorithm
[   16.579807] xor: automatically using best checksumming function:
[   16.629449]    avx       : 25728.000 MB/sec
[   16.642953] async_tx: api initialized (async)
[   16.651987] md: raid6 personality registered for level 6
[   16.680145] md: raid5 personality registered for level 5
[   16.717980] md: raid4 personality registered for level 4
[   16.740814] md: raid10 personality registered for level 10
done.
Begin: Running /scripts/init-premount ... done.
Begin: Mounting root file system ... Begin: Running /scripts/local-top ... done.
Begin: Running[   16.854724] Btrfs loaded
 /scripts/local-premount ... Scanning for Btrfs filesystems
done.
Warning: fsck not present, so sk[   16.951890] EXT4-fs (sda1): mounted filesystem with ordered data mode. Opts: (null)
ipping root file system
done.
Begin: Running /scripts/local-bottom ... done.
Begin: Running /scripts/init-bottom ... done.
[   17.591497] systemd[1]: systemd 229 running in system mode. (+PAM +AUDIT +SELINUX +IMA +APPARMOR +SMACK +SYSVINIT +UTMP +LIBCRYPTSETUP +GCRYPT +GNUTLS +ACL +XZ -LZ4 +SECCOMP +BLKID +ELFUTILS +KMOD -IDN)
[   17.634275] systemd[1]: Detected virtualization oracle.
[   17.642849] systemd[1]: Detected architecture x86-64.

Welcome to [1mUbuntu 16.04.5 LTS[0m!

[   17.684719] systemd[1]: Set hostname to <ubuntu>.
[   17.723170] systemd[1]: Initializing machine ID from random generator.
[   17.744408] systemd[1]: Installed transient /etc/machine-id file.
[   17.756072] random: nonblocking pool is initialized
[   18.360356] systemd[1]: Listening on Journal Socket (/dev/log).
[[0;32m  OK  [0m] Listening on Journal Socket (/dev/log).
[   18.379780] systemd[1]: Reached target Swap.
[[0;32m  OK  [0m] Reached target Swap.
[   18.409554] systemd[1]: Reached target System Time Synchronieed.
[[0;32m  OK  [0m] Reached target System Time Synchronized.
[   18.889591] systemd[1]: Listening on Journal Socket.
[[0;32m  OK  [0m] Listening on Journal Socket.
[   18.893522] systemd[1]: Started Forward Password Requests to Wall Directory Watch.
[[0;32m  OK  [0m] Started Forward Password Requests to Wall Directory Watch.
[   18.895694] systemd[1]: Reached target User and Group Name Lookups.
[[0;32m  OK  [0m] Reached target User and Group Name Lookups.
[   19.455816] systemd[1]: Listening on udev Kernel Socket.
[[0;32m  OK  [0m] Listening on udev Kernel Socket.
[   19.489569] systemd[1]: Reached target Encrypted Volumes.
[[0;32m  OK  [0m] Reached target Encrypted Volumes.
[   19.567510] systemd[1]: Listening on LVM2 metadata daemon socket.
[[0;32m  OK  [0m] Listening on LVM2 metadata daemon socket.
[   19.569444] systemd[1]: Created slice System Slice.
[[0;32m  OK  [0m] Created slice System Slice.
[   19.578800] systemd[1]: Created slice system-serial\x2dgetty.slice.
[[0;32m  OK  [0m] Created slice system-serial\x2dgetty.slice.
[   19.601600] systemd[1]: Starting Set console keymap...
         Starting Set console keymap...
[   19.638054] systemd[1]: Starting Create list of required static device nodes for the current kernel...
         Starting Create list of required st... nodes for the current kernel...
[   19.679733] systemd[1]: Starting Uncomplicated firewall...
         Starting Uncomplicated firewall...
[   19.743948] systemd[1]: Mounting Huge Pages File System...
         Mounting Huge Pages File System...
[   19.746123] systemd[1]: Starting Nameserver information manager...
         Starting Nameserver information manager...
[   19.801880] systemd[]]: Created slice User and Session Slice.
[[0;32m  OK  [0m] Created slice User and Session Slice.
[   19.837189] systemd[1]: Reached target Slices.
[[0;32m  OK  [0m] Reached target Slices.
[   19.838715] systemd[1]: Listening on udev Control Socket.
[[0;32m  OK  [0m] Listening on udev Control Socket.
[   19.842428] systemd[1]: Listening on Syslog Socket.
[[0;32m  OK  [0m] Listening on Syslog Socket.
[   19.861648] systemd[1]: Mounting POSIX Message Queue File System...
         Mounting POSIX Message Queue File System...
[   20.162522] systemd[1]: Starting Load Kernel Modules...
         Starting Load Kernel Modules...
[   20.193906] systemd[1]: Listening on LVM2 poll daemon socket.
[[0;32m  OK  [0m] Listening on LVM2 poll daemon socket.
[   20.230143] systemd[1]: Set up automount Arbitrary Executable File Formats File System Automount Point.
[[0;32m  OK  [0m] Set up automount Arbitrary Executab...ats File System Automount Point.
[   20.296961] Loading iSCSI transport class v2.0-870.
[   20.297828] systemd[1]: Starting Remount Root and Kernel File Systems...
         Starting Remount Root and Kernel File Systems...
[   20.327790] systemd[1]: Listening on Journal Audit Socket.
[[0;32m  OK  [0m] Listening on Journal Audit Socket.
[   20.339635] systemd[1]: Starting Journal Service...
         Starting Journal Service...
[   20.347267] systemd[1]: Listening on Device-mapper event daemon FIFOs.
[[0;32m  OK  [0m] Listening on Device-mapper event daemon FIFOs.
[   20.377515] systemd[1]: Starting Monitoring of LVM2 mirrors, nnapshots etc. using dmeventd or progress polling...
         Starting Monitoring of [   20.456049] EXT4-fs (sda1): re-mounted. Opts: (null)
LVM2 mirrors... dmeventd or progress polling...
[   20.532985] systemd[1]: Started Trigger resolvconf update for networkd DNS.
[[0;32m  OK  [0m] Started Trigger resolvconf update for networkd DNS.
[   20.553523] systemd[1]: Mounting Debug File System...
         Mounting Debug File System...
[   20.565983] systemd[1]: Listening on /dev/initctl Compatibility Named Pipe.
[[0;32m  OK  [0m] Listening on /dev/initctl Compatibility Named Pipe.
[   20.576571] systemd[1]: Mounted Huge Pages File System.
[[0;32m  OK  [0m] Mounted Huge Pages File System.
[   20.581524] systemd[1]: Mounted POSIX Message Queue File System.
[[0;32m  OK  [0m] Mounted POSIX Message Queue File System.
[   20.611928] systemd[1]: Mounted Debug File System.
[[0;32m  OK  [0m] Mounted Debug File System.
[   20.617095] systemd[1]: Started Set console keymap.
[[0;32m  OK  [0m] Started Set console keymap.
[   20.623195] systemd[1]: Started Create list of required static device nodes for the current kernel.
[[0;32m  OK  [0m] Started Create list of required sta...ce nodes for the current kernel.
[   20.625991] systemd[1]: Started Uncomplicated firewall.
[[0;32m  OK  [0m] Started Uncomplicated firewall.
[   20.666076] systemd[1]: Started Remount Root and Kernel File Systems.
[[0;32m  OK  [[   20.734910] iscsi: registered transport (tcp)
0m] Started Remount Root and Kernel File Systems.
[   20.759245] systemd[1]: Started Nameserver information manager.
[[0;32m  OK  [0m] Started Nameserver information manager.
[   20.953851] systemd[1]: Starting udev Coldplug all Devices...
         Starting udev Coldplug all Devices...
[   21.025559] systemd[1]: Starting Load/Save Random Seed...
         Starting Load/Save Random Seed...
[   21.068272] systemd[1]: Starting Create Static Device Nodes in /dev...
         Starting Create Static Device Nodes in /dev...
[   21.085663] systemd[1]: Started Journal Service.
[[0;32m  OK  [0m] Started Journal Service.
[[0;32m  OK  [0m] Started Load/Save Random Seed.
[[0;32m  OK  [0m] Started LVM2 metadata daemon.
         Starting Flush Journal to Persistent Storage...
[[0;32m  OK  [0m] Started udev Coldplug all Devices.
[   21.263761] systemd-journald[395]: Received request to flush runtime journal from PID 1
[   21.304553] iscsi: registered transport (iser)
[[0;32m  OK  [0m] Started Load Kernel Modules.
         Mounting FUSE Control File System...
         Starting Apply Kernel Variables...
[[0;32m  OK  [0m] Mounted FUSE Control File System.
[[0;32m  OK  [0m] Started Flush Journal to Persistent Storage.
[[0;32m  OK  [0m] Started Create Static Device Nodes in /dev.
[[0;32m  OK  [0m] Started Apply Kernel Variables.
         Starting udev Kernel Device Manager...
[[0;32m  OK  [0m] Started udev Kernel Device Manager.
[[0;32m  OK  [0m] Started Dispatch Password Requests to Console Directory Watch.
[[0;32m  OK  [0m] Started Monitoring of LVM2 mirrors,...ng dmeventd or progress polling.
[[0;32m  OK  [0m] Reached target Local File Systems (Pre).
[[0;32m  OK  [0m] Reached target Local File Systems.
         Starting Tell Plymouth To Write Out Runtime Data...
         Starting Create Volatile Files and Directories...
         Starting Set console font and keymap...
         Starting LSB: AppArmor initialization...
         Starting Initial cloud-init job (pre-networking)...
         Starting Commit a transient machine-id on disk...
[[0;32m  OK  [0m] Found device /dev/ttyS0.
[[0;32m  OK  [0m] Listening on Load/Save RF Kill Switch Status /dev/rfkill Watch.
[[0;32m  OK  [0m] Started Tell Plymouth To Write Out Runtime Data.
[[0;32m  OK  [0m] Started Create Volatile Files and Directories.
[[0;32m  OK  [0m] Started Commit a transient machine-id on disk.
         Starting Update UTMP about System Boot/Shutdown...
[[0;32m  OK  [0m] Started Set console font and keymap.
[[0;32m  OK  [0m] Created slice system-getty.slice.
[[0;32m  OK  [0m] Started Update UTMP about System Boot/Shutdown.
[[0;32m  OK  [0m] Started LSB: AppArmor initialization.
[   23.578727] cloud-init[507]: Cloud-init v. 18.3-9-g2e62cb8a-0ubuntu1~16.04.2 running 'init-local' at Sun, 16 Dec 2018 14:50:16 +0000. Up 23.03 seconds.
[[0;32m  OK  [0m] Started Initial cloud-init job (pre-networking).
[[0;32m  OK  [0m] Reached target Network (Pre).
         Starting Raise network interfaces...
[[0;32m  OK  [0m] Started Raise network interfaces.
[[0;32m  OK  [0m] Reached target Network.
         Starting Initial cloud-init job (metadata service crawler)...
[   26.262380] cloud-init[969]: Cloud-init v. 18.3-9-g2e62cb8a-0ubuntu1~16.04.2 running 'init' at Sun, 16 Dec 2018 14:50:17 +0000. Up 24.18 seconds.
[   26.329192] cloud-init[969]: ci-info: ++++++++++++++++++++++++++++++++++++++Net device info+++++++++++++++++++++++++++++++++++++++
[   26.329359] cloud-init[969]: ci-info: +--------+-------+----------------------------+---------------+--------+-------------------+
[   26.329478] cloud-init[969]: ci-info: | Device |   Up  |          Address           |      Mask     | Scope  |     Hw-Address    |
[   26.329581] cloud-init[969]: ci-info: +--------+-------+----------------------------+---------------+--------+-------------------+
[   26.329686] cloud-init[969]: ci-info: | enp0s3 |  True |         10.0.2.15          | 255.255.255.0 | global | 02:20:67:8c:d5:af |
[   26.329790] cloud-init[969]: ci-info: | enp0s3 |  True | fe80::20:67ff:fe8c:d5af/64 |       .       |  link  | 02:20:67:8c:d5:af |
[[0;32m  OK  [0m] Started Initial cloud-init job (metadata service crawler).
[   26.329895] cloud-init[969]: ci-info: | enp0s8 | False |             .              |       .       |   .    | 08:00:27:b8:4f:5c |
[   26.420265] cloud-init[969]: ci-info: | enp0s9 | False |             .              |       .       |   .    | 08:00:27:76:e8:bf |
[   26.420600] cloud-init[969]: ci-info: |   lo   |  True |         127.0.0.1          |   255.0.0.0   |  host  |         .         |
[   26.420958] cloud-init[969]: ci-info: |   lo   |  True |          ::1/128           |       .       |  host  |         .         |
[[0;32m  OK  [0m] Reached target System Initialization.
[[   26.421086] cloud-init[969]: ci-info: +--------+-------+----------------------------+---------------+--------+-------------------+
[   26.462348] cloud-init[969]: ci-info: +++++++++++++++++++++++++++Route IPv4 info++++++++++++++++++++++++++++
[   26.462415] cloud-init[969]: ci-info: +-------+-------------+----------+---------------+-----------+-------+
[   26.462519] cloud-init[969]: ci-info: | Route | Destination | Gateway  |    Genmask    | Interface | Flags |
[   26.462626] cloud-init[969]: ci-info: +-------+-------------+----------+---------------+-----------+-------+
[   26.462739] cloud-init[969]: ci-info: |   0   |   0.0.0.0   | 10.0.2.2 |    0.0.0.0    |   enp0s3  |   UG  |
[   26.462839] cloud-init[969]: ci-info: |   1   |   10.0.2.0  | 0.0.0.0  | 255.255.255.0 |   enp0s3  |   U   |
[   26.462945] cloud-init[969]: ci-info: +-------+-------------+----------+---------------+-----------+-------+
[   26.463052] cloud-init[969]: ci-info: +++++++++++++++++++Route IPv6 info+++++++++++++++++++
[   26.463162] cloud-init[969]: ci-info: +-------+-------------+---------+-----------+-------+
[   26.463266] cloud-init[969]: ci-info: | Route | Destination | Gateway | Interface | Flags |
[   26.463388] cloud-init[969]: ci-info: +-------+-------------+---------+-----------+-------+
[   26.463518] cloud-init[969]: ci-info: |   0   |  fe80::/64  |    ::   |   enp0s3  |   U   |
[   26.463624] cloud-init[969]: ci-info: |   3   |   ff00::/8  |    ::   |   enp0s3  |   U   |
[   26.463733] cloud-init[969]: ci-info: +-------+-------------+---------+-----------+-------+
[0;32m  OK  [0m] Started Daily Cleanup of Temporary Directories.
[[   26.463832] cloud-init[969]: Generating public/private rsa key pair.
[   27.074585] cloud-init[969]: Your identification has been saved in /etc/ssh/ssh_host_rsa_key.
[   27.074649] cloud-init[969]: Your public key has been saved in /etc/ssh/ssh_host_rsa_key.pub.
[   27.074753] cloud-init[969]: The key fingerprint is:
[   27.074859] cloud-init[969]: SHA256:UJxTsyD+Pbr/LnAKucC4n6Ccj3UFmUZhNVB7ujd6qAM root@ubuntu-xenial
[   27.074965] cloud-init[969]: The key's randomart image is:
[0;32m  OK  [0m] Listening on D-Bus System Message Bus Socket.
[   27.075096] cloud-init[969]: +---[RSA 2048]----+
[   27.160462] cloud-init[969]: |     =*=ooo      |
[   27.160666] cloud-init[969]: |    o.oo*. o     |
         Starting LXD - unix socket.
[   27.160769] cloud-init[969]: |     =o. o.      |
[   27.356489] cloud-init[969]: |    . .oo.       |
[[   27.367970] cloud-init[969]: |   o   +S o      |
[   27.368263] cloud-init[969]: |  .Eo + o...     |
[   27.368387] cloud-init[969]: |  .o.o +o*       |
[   27.368488] cloud-init[969]: |..=..o..+oo      |
[   27.368594] cloud-init[969]: |.+.oo.o.o..+o    |
[   27.368701] cloud-init[969]: +----[SHA256]-----+
[   27.368808] cloud-init[969]: Generating public/private dsa key pair.
[   27.368915] cloud-init[969]: Your identification has been saved in /etc/ssh/ssh_host_dsa_key.
[   27.369026] cloud-init[969]: Your public key has been saved in /etc/ssh/ssh_host_dsa_key.pub.
[   27.369128] cloud-init[969]: The key fingerprint is:
[   27.369235] cloud-init[969]: SHA256:UjFFPjpEqum3NJdBL9jpqcMokiR4+I91lxTkUXlzz70 root@ubuntu-xenial
[   27.369342] cloud-init[969]: The key's randomart image is:
[   27.369447] cloud-init[969]: +---[DSA 1024]----+
[   27.369554] cloud-init[969]: |        *++.     |
[   27.369661] cloud-init[969]: |       = =. o .  |
[   27.369769] cloud-init[969]: |      . * o. o o.|
[   27.369879] cloud-init[969]: |     o * = .    +|
[   27.369981] cloud-init[969]: |..  o o S .     .|
[   27.370089] cloud-init[969]: |+...   + B     E |
[   27.370196] cloud-init[969]: |o+  oo= B        |
[   27.370303] cloud-init[969]: |o oo.+o*         |
[   27.370410] cloud-init[969]: | ..o. o.         |
[   27.370517] cloud-init[969]: +----[SHA256]-----+
[   27.370682] cloud-init[969]: Generating public/private ecdsa key pair.
[   27.370843] cloud-init[969]: Your identification has been saved in /etc/ssh/ssh_host_ecdsa_key.
[   27.370945] cloud-init[969]: Your public key has been saved in /etc/ssh/ssh_host_ecdsa_key.pub.
[   27.371055] cloud-init[969]: The key fingerprint is:
[   27.371157] cloud-init[969]: SHA256:F9iNHcz2Rt3ZNmhIdSez7JPceQpbVpcb5WmrCMMYVQ0 root@ubuntu-xenial
[   27.371264] cloud-init[969]: The key's randomart image is:
[   27.371371] cloud-init[969]: +---[ECDSA 256]---+
[   27.371477] cloud-init[969]: |         .oE*.+o*|
[   27.371585] cloud-init[969]: |        .o =+*oBX|
[   27.371691] cloud-init[969]: |       .. +.+oo*=|
[0;32m  OK  [0m] Started ACPI Events Check.
[[   27.371795] cloud-init[969]: |        +  . o++*|
[   28.036690] cloud-init[969]: |       .S+. ..B+o|
[0;32m  OK  [0m] Reached target Paths.
         [   28.036745] cloud-init[969]: |         .o .=.o.|
[   28.172634] cloud-init[969]: |           ....  |
[   28.172713] cloud-init[969]: |                 |
[   28.172812] cloud-init[969]: |                 |
[   28.172922] cloud-init[969]: +----[SHA256]-----+
Starting Socket activation for snappy daemon.
[[   28.173034] cloud-init[969]: Generating public/private ed25519 key pair.
[   28.261998] cloud-init[969]: Your identification has been saved in /etc/ssh/ssh_host_ed25519_key.
[0;32m  OK  [0m] Listening on UUID daemon activation socket.
[   28.262093] cloud-init[969]: Your public key has been saved in /etc/ssh/ssh_host_ed25519_key.pub.
[   28.361925] cloud-init[969]: The key fingerprint is:
[   28.362152] cloud-init[969]: SHA256:SO5yPgEV2Sr33wlQEv5jAIyT2m7frRoqbXRP/Iz4g6g root@ubuntu-xenial
[   28.362214] cloud-init[969]: The key's randomart image is:
[   28.362316] cloud-init[969]: +--[ED25519 256]--+
[   28.362422] cloud-init[969]: |     +o+..       |
[   28.362529] cloud-init[969]: |    + +oo .      |
[   28.362634] cloud-init[969]: |   o o..oo       |
[   28.362746] cloud-init[969]: |  . +oo..o       |
[[0;32m  OK  [0m] Started Daily apt download activities.
[[   28.362835] cloud-init[969]: |   . +ooS.+      |
[   28.513734] cloud-init[969]: |    +.o +...     |
[   28.513802] cloud-init[969]: |   +.++B * o .   |
[   28.513906] cloud-init[969]: |  . +==.= = o    |
[0;32m  OK  [0m] Started Daily apt upgrade and clean activities.
[[   28.514016] cloud-init[969]: |  E+. o+oo       |
[   28.608764] cloud-init[969]: +----[SHA256]-----+
[0;32m  OK  [0m] Reached target Timers.
[[0;32m  OK  [0m] Listening on ACPID Listen Socket.
[[0;32m  OK  [0m] Reached target Network is Online.
         Starting iSCSI initiator daemon (iscsid)...
[[0;32m  OK  [0m] Reached target Cloud-config availability.
[[0;32m  OK  [0m] Listening on LXD - unix socket.
[[0;32m  OK  [0m] Listening on Socket activation for snappy daemon.
[[0;32m  OK  [0m] Reached target Sockets.
[[0;32m  OK  [0m] Reached target Basic System.
[[0;32m  OK  [0m] Started FUSE filesystem for LXC.
         Starting LSB: Record successful boot for GRUB...
         Starting LSB: MD monitoring daemon...
[[0;32m  OK  [0m] Started ACPI event daemon.
         Starting Accounts Service...
         Starting Login Service...
         Starting Snappy daemon...
         Starting System Logging Service...
         Starting /etc/rc.local Compatibility...
[[0;32m  OK  [0m] Started Unattended Upgrades Shutdown.
[[0;32m  OK  [0m] Started Deferred execution scheduler.
[[0;32m  OK  [0m] Started D-Bus System Message Bus.
         Starting Pollinate to seed the pseudo random number generator...
[[0;32m  OK  [0m] Started Regular background program processing daemon.
         Starting Virtualbox guest utils...
         Starting LXD - container startup/shutdown...
[[0;32m  OK  [0m] Started System Logging Service.
[[0;32m  OK  [0m] Started /etc/rc.local Compatibility.
[[0;32m  OK  [0m] Started Login Service.
[[0;32m  OK  [0m] Started iSCSI initiator daemon (iscsid).
         Starting Login to default iSCSI targets...
         Starting Authenticate and Authorize Users to Run Privileged Tasks...
[[0;32m  OK  [0m] Started LSB: Record successful boot for GRUB.
[[0;32m  OK  [0m] Started LSB: MD monitoring daemon.
[[0;32m  OK  [0m] Started Login to default iSCSI targets.
[[0;32m  OK  [0m] Reached target Remote File Systems (Pre).
[[0;32m  OK  [0m] Reached target Remote File Systems.
         Starting LSB: daemon to balance interrupts for SMP systems...
         Starting LSB: Set the CPU Frequency Scaling governor to "ondemand"...
         Starting LSB: automatic crash report generation...
         Starting Permit User Sessions...
[[0;32m  OK  [0m] Started Authenticate and Authorize Users to Run Privileged Tasks.
[[0;32m  OK  [0m] Started Virtualbox guest utils.
[[0;32m  OK  [0m] Started Permit User Sessions.
[[0;32m  OK  [0m] Started Accounts Service.
[[0;32m  OK  [0m] Started LSB: Set the CPU Frequency Scaling governor to "ondemand".
         Starting Terminate Plymouth Boot Screen...
         Starting Hold until boot process finishes up...
[[0;32m  OK  [0m] Started LSB: automatic crash report generation.
[[0;32m  OK  [0m] Started Terminate Plymouth Boot Screen.
[[0;32m  OK  [0m] Started Hold until boot process finishes up.
[[0;32m  OK  [0m] Started LSB: daemon to balance interrupts for SMP systems.
[[0;32m  OK  [0m] Started Getty on tty1.
         Starting Set console scheme...
[[0;32m  OK  [0m] Started Serial Getty on ttyS0.
[[0;32m  OK  [0m] Reached target Login Prompts.
[[0;32m  OK  [0m] Started Set console scheme.
[[0;32m  OK  [0m] Started Snappy daemon.
         Starting Wait until snapd is fully seeded...
[[0;32m  OK  [0m] Started LXD - container startup/shutdown.

Ubuntu 16.04.5 LTS ubuntu-xenial ttyS0

ubuntu-xenial login: [   46.631023] cloud-init[1568]: Generating locales (this might take a while)...
[   47.368421] cloud-init[1568]:   en_US.UTF-8... done
[   47.368946] cloud-init[1568]: Generation complete.
[   48.485871] cloud-init[1568]: Cloud-init v. 18.3-9-g2e62cb8a-0ubuntu1~16.04.2 running 'modules:config' at Sun, 16 Dec 2018 14:50:39 +0000. Up 46.46 seconds.
ci-info: no authorized ssh keys fingerprints found for user ubuntu.
<14>Dec 16 14:50:41 ec2: 
<14>Dec 16 14:50:41 ec2: #############################################################
<14>Dec 16 14:50:41 ec2: -----BEGIN SSH HOST KEY FINGERPRINTS-----
<14>Dec 16 14:50:41 ec2: 1024 SHA256:UjFFPjpEqum3NJdBL9jpqcMokiR4+I91lxTkUXlzz70 root@ubuntu-xenial (DSA)
<14>Dec 16 14:50:41 ec2: 256 SHA256:F9iNHcz2Rt3ZNmhIdSez7JPceQpbVpcb5WmrCMMYVQ0 root@ubuntu-xenial (ECDSA)
<14>Dec 16 14:50:41 ec2: 256 SHA256:SO5yPgEV2Sr33wlQEv5jAIyT2m7frRoqbXRP/Iz4g6g root@ubuntu-xenial (ED25519)
<14>Dec 16 14:50:41 ec2: 2048 SHA256:UJxTsyD+Pbr/LnAKucC4n6Ccj3UFmUZhNVB7ujd6qAM root@ubuntu-xenial (RSA)
<14>Dec 16 14:50:41 ec2: -----END SSH HOST KEY FINGERPRINTS-----
<14>Dec 16 14:50:41 ec2: #############################################################
-----BEGIN SSH HOST KEY KEYS-----
ecdsa-sha2-nistp256 AAAAE2VjZHNhLXNoYTItbmlzdHAyNTYAAAAIbmlzdHAyNTYAAABBBOcRNbFZocFKMAU+WdVDD4rE6DdcaARorCCYd0cAuKGUJr9cwrO2ePeCS0pAbco/biQEXAjObNaPzdnTffTBOgY= root@ubuntu-xenial
ssh-ed25519 AAAAC3NzaC1lZDI1NTE5AAAAIPsXyEPYcJCTbTcQaPZlO54IKbwG8e/GmqStElycG+H7 root@ubuntu-xenial
ssh-rsa AAAAB3NzaC1yc2EAAAADAQABAAABAQDtozGXAdUFnf6MY/iFbLPCy+cRk/fMWX6VeTUIXOBwNFVQV2z9aFx/okKW+PsuuJCIq+bK2kwn8XE7AXHfyPSOUQlaipNLd8GddpkI8eqGxxpB2MCJ2UVJSv4YA/JcQYMqBwMiBuy3tnVILrE1wvNW6zj8vyPJGJ/ale62xFXEuJC+aQkR12h9klxGBXcGJOtiXArVIKqnngwX2esaNbWNorwOSVFVTD5pErhtgU13HNzlfx+vinUQz+92Wb5o4aAbCsdww5QzYMmoS/1+KIJdy/wP8ku7fk62GAokAnFvMnz+yVmmgLwQS5zV8dTDk0Yyy0yToEh5MAVeTuYRuQJn root@ubuntu-xenial
-----END SSH HOST KEY KEYS-----
[   48.871892] cloud-init[1763]: Cloud-init v. 18.3-9-g2e62cb8a-0ubuntu1~16.04.2 running 'modules:final' at Sun, 16 Dec 2018 14:50:41 +0000. Up 48.71 seconds.
[   48.872071] cloud-init[1763]: ci-info: no authorized ssh keys fingerprints found for user ubuntu.
[   48.872169] cloud-init[1763]: Cloud-init v. 18.3-9-g2e62cb8a-0ubuntu1~16.04.2 finished at Sun, 16 Dec 2018 14:50:41 +0000. Datasource DataSourceNoCloud [seed=/dev/sdb][dsmode=net].  Up 48.86 seconds
